[debug] [2025-09-14T14:18:18.888Z] ----------------------------------------------------------------------
[debug] [2025-09-14T14:18:18.894Z] Command:       /opt/homebrew/Cellar/node/24.3.0/bin/node /opt/homebrew/bin/firebase init hosting
[debug] [2025-09-14T14:18:18.894Z] CLI Version:   14.16.0
[debug] [2025-09-14T14:18:18.894Z] Platform:      darwin
[debug] [2025-09-14T14:18:18.894Z] Node Version:  v24.3.0
[debug] [2025-09-14T14:18:18.894Z] Time:          Sun Sep 14 2025 19:48:18 GMT+0530 (India Standard Time)
[debug] [2025-09-14T14:18:18.894Z] ----------------------------------------------------------------------
[debug] 
[debug] [2025-09-14T14:18:18.897Z] > command requires scopes: ["email","openid","https://www.googleapis.com/auth/cloudplatformprojects.readonly","https://www.googleapis.com/auth/firebase","https://www.googleapis.com/auth/cloud-platform"]
[debug] [2025-09-14T14:18:18.897Z] > authorizing via signed-in user (ashutosh.singh2024@nst.rishihood.edu.in)
[info] 
     ######## #### ########  ######## ########     ###     ######  ########
     ##        ##  ##     ## ##       ##     ##  ##   ##  ##       ##
     ######    ##  ########  ######   ########  #########  ######  ######
     ##        ##  ##    ##  ##       ##     ## ##     ##       ## ##
     ##       #### ##     ## ######## ########  ##     ##  ######  ########

You're about to initialize a Firebase project in this directory:

  /Users/ash/Desktop/projects..../sudoku

[info] 
=== Project Setup
[info] 
[info] First, let's associate this project directory with a Firebase project.
[info] You can create multiple project aliases by running firebase use --add, 
[info] but for now we'll just set up a default project.
[info] 
[debug] [2025-09-14T14:18:18.898Z] Using project from CLI flag: sudoku-2024
[debug] [2025-09-14T14:18:18.898Z] Checked if tokens are valid: true, expires at: 1757862369343
[debug] [2025-09-14T14:18:18.898Z] Checked if tokens are valid: true, expires at: 1757862369343
[debug] [2025-09-14T14:18:18.899Z] >>> [apiv2][query] GET https://firebase.googleapis.com/v1beta1/projects/sudoku-2024 [none]
[debug] [2025-09-14T14:18:19.603Z] <<< [apiv2][status] GET https://firebase.googleapis.com/v1beta1/projects/sudoku-2024 200
[debug] [2025-09-14T14:18:19.603Z] <<< [apiv2][body] GET https://firebase.googleapis.com/v1beta1/projects/sudoku-2024 {"projectId":"sudoku-2024","projectNumber":"321897928553","displayName":"Sudoku-2024","name":"projects/sudoku-2024","resources":{"hostingSite":"sudoku-2024"},"state":"ACTIVE","etag":"1_5d0db7be-69ca-440c-a37e-ad301b69f681"}
[info] i  Using project sudoku-2024 (Sudoku-2024) 
[info] 
=== Hosting Setup
[debug] [2025-09-14T14:18:19.751Z] Checked if tokens are valid: true, expires at: 1757862369343
[debug] [2025-09-14T14:18:19.751Z] Checked if tokens are valid: true, expires at: 1757862369343
[debug] [2025-09-14T14:18:19.752Z] >>> [apiv2][query] GET https://firebase.googleapis.com/v1beta1/projects/sudoku-2024 [none]
[debug] [2025-09-14T14:18:20.499Z] <<< [apiv2][status] GET https://firebase.googleapis.com/v1beta1/projects/sudoku-2024 200
[debug] [2025-09-14T14:18:20.500Z] <<< [apiv2][body] GET https://firebase.googleapis.com/v1beta1/projects/sudoku-2024 {"projectId":"sudoku-2024","projectNumber":"321897928553","displayName":"Sudoku-2024","name":"projects/sudoku-2024","resources":{"hostingSite":"sudoku-2024"},"state":"ACTIVE","etag":"1_5d0db7be-69ca-440c-a37e-ad301b69f681"}
[info] 
[info] Your public directory is the folder (relative to your project directory) that
[info] will contain Hosting assets to be uploaded with firebase deploy. If you
[info] have a build process for your assets, use your build's output directory.
[info] 
[debug] [2025-09-14T14:18:24.242Z] >>> [apiv2][query] GET https://www.gstatic.com/firebasejs/releases.json [none]
[debug] [2025-09-14T14:18:24.317Z] <<< [apiv2][status] GET https://www.gstatic.com/firebasejs/releases.json 200
[debug] [2025-09-14T14:18:24.317Z] <<< [apiv2][body] GET https://www.gstatic.com/firebasejs/releases.json {"current":{"version":"12.2.1","browserURL":"https://www.gstatic.com/firebasejs/12.2.1/firebase.js","packageURL":"https://www.gstatic.com/firebasejs/12.2.1/firebase.tgz"},"live":{"version":"12.2","browserURL":"https://www.gstatic.com/firebasejs/live/12.2/firebase.js","packageURL":"https://www.gstatic.com/firebasejs/live/12.2/firebase.tgz"},"components":{"ai":"https://www.gstatic.com/firebasejs/12.2.1/firebase-ai.js","analytics":"https://www.gstatic.com/firebasejs/12.2.1/firebase-analytics.js","app":"https://www.gstatic.com/firebasejs/12.2.1/firebase-app.js","app-check":"https://www.gstatic.com/firebasejs/12.2.1/firebase-app-check.js","auth":"https://www.gstatic.com/firebasejs/12.2.1/firebase-auth.js","auth/cordova":"https://www.gstatic.com/firebasejs/12.2.1/firebase-auth/cordova.js","auth/web-extension":"https://www.gstatic.com/firebasejs/12.2.1/firebase-auth/web-extension.js","functions":"https://www.gstatic.com/firebasejs/12.2.1/firebase-functions.js","firestore":"https://www.gstatic.com/firebasejs/12.2.1/firebase-firestore.js","firestore/lite":"https://www.gstatic.com/firebasejs/12.2.1/firebase-firestore/lite.js","installations":"https://www.gstatic.com/firebasejs/12.2.1/firebase-installations.js","storage":"https://www.gstatic.com/firebasejs/12.2.1/firebase-storage.js","performance":"https://www.gstatic.com/firebasejs/12.2.1/firebase-performance.js","remote-config":"https://www.gstatic.com/firebasejs/12.2.1/firebase-remote-config.js","messaging":"https://www.gstatic.com/firebasejs/12.2.1/firebase-messaging.js","messaging/sw":"https://www.gstatic.com/firebasejs/12.2.1/firebase-messaging/sw.js","database":"https://www.gstatic.com/firebasejs/12.2.1/firebase-database.js","data-connect":"https://www.gstatic.com/firebasejs/12.2.1/firebase-data-connect.js","firestore.memory":"https://www.gstatic.com/firebasejs/12.2.1/firebase-firestore.memory.js"}}
[info] i  public/index.html is unchanged 
[info] 
[info] i  Didn't detect a .git folder. Assuming /Users/ash/Desktop/projects..../sudoku is the project root. 
[info] i  Authorizing with GitHub to upload your service account to a GitHub repository's secrets store. 
[info] 
[info] Visit this URL on this device to log in:
[info] https://github.com/login/oauth/authorize?client_id=89cf50f02ac6aaed3484&state=778612550&redirect_uri=http%3A%2F%2Flocalhost%3A9005&scope=read%3Auser%20repo%20public_repo
[info] 
[info] Waiting for authentication...
[debug] [2025-09-14T14:18:25.272Z] >>> [apiv2][query] POST https://github.com/login/oauth/access_token [none]
[debug] [2025-09-14T14:18:25.273Z] >>> [apiv2][body] POST https://github.com/login/oauth/access_token [stream]
[debug] [2025-09-14T14:18:25.819Z] <<< [apiv2][status] POST https://github.com/login/oauth/access_token 200
[debug] [2025-09-14T14:18:25.819Z] <<< [apiv2][body] POST https://github.com/login/oauth/access_token {"access_token":"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","token_type":"bearer","scope":"read:user,repo"}
[debug] [2025-09-14T14:18:25.847Z] >>> [apiv2][query] GET https://api.github.com/user [none]
[debug] [2025-09-14T14:18:26.455Z] <<< [apiv2][status] GET https://api.github.com/user 200
[debug] [2025-09-14T14:18:26.455Z] <<< [apiv2][body] GET https://api.github.com/user {"login":"ashyou09","id":188414478,"node_id":"U_kgDOCzr6Dg","avatar_url":"https://avatars.githubusercontent.com/u/188414478?v=4","gravatar_id":"","url":"https://api.github.com/users/ashyou09","html_url":"https://github.com/ashyou09","followers_url":"https://api.github.com/users/ashyou09/followers","following_url":"https://api.github.com/users/ashyou09/following{/other_user}","gists_url":"https://api.github.com/users/ashyou09/gists{/gist_id}","starred_url":"https://api.github.com/users/ashyou09/starred{/owner}{/repo}","subscriptions_url":"https://api.github.com/users/ashyou09/subscriptions","organizations_url":"https://api.github.com/users/ashyou09/orgs","repos_url":"https://api.github.com/users/ashyou09/repos","events_url":"https://api.github.com/users/ashyou09/events{/privacy}","received_events_url":"https://api.github.com/users/ashyou09/received_events","type":"User","user_view_type":"private","site_admin":false,"name":"Ashutosh Singh","company":null,"blog":"","location":null,"email":null,"hireable":null,"bio":"clg student .\r\n","twitter_username":null,"notification_email":null,"public_repos":8,"public_gists":0,"followers":0,"following":0,"created_at":"2024-11-14T04:08:06Z","updated_at":"2025-05-29T16:27:56Z","private_gists":0,"total_private_repos":8,"owned_private_repos":8,"disk_usage":24819,"collaborators":0,"two_factor_authentication":true,"plan":{"name":"free","space":976562499,"collaborators":0,"private_repos":10000}}
[info] 
[info] ✔  Success! Logged into GitHub as ashyou09 
[info] 
[debug] [2025-09-14T14:20:18.708Z] >>> [apiv2][query] GET https://api.github.com/repos/ashyou09/udoku/actions/secrets/public-key type=owner
[debug] [2025-09-14T14:20:19.366Z] <<< [apiv2][status] GET https://api.github.com/repos/ashyou09/udoku/actions/secrets/public-key 404
[debug] [2025-09-14T14:20:19.366Z] <<< [apiv2][body] GET https://api.github.com/repos/ashyou09/udoku/actions/secrets/public-key {"message":"Not Found","documentation_url":"https://docs.github.com/rest/actions/secrets#get-a-repository-public-key","status":"404"}
[info] 
[info] 
[error] ⚠  The provided authorization cannot be used with this repository. If this repository is in an organization, did you remember to grant access? 
[info] 
[info] i  Action required: Visit this URL to ensure access has been granted to the appropriate organization(s) for the Firebase CLI GitHub OAuth App: 
[info] https://github.com/settings/connections/applications/89cf50f02ac6aaed3484
[info] 
[debug] [2025-09-14T14:20:23.430Z] >>> [apiv2][query] GET https://api.github.com/repos/ashyou09/udoku/actions/secrets/public-key type=owner
[debug] [2025-09-14T14:20:23.819Z] <<< [apiv2][status] GET https://api.github.com/repos/ashyou09/udoku/actions/secrets/public-key 404
[debug] [2025-09-14T14:20:23.819Z] <<< [apiv2][body] GET https://api.github.com/repos/ashyou09/udoku/actions/secrets/public-key {"message":"Not Found","documentation_url":"https://docs.github.com/rest/actions/secrets#get-a-repository-public-key","status":"404"}
[info] 
[info] 
[error] ⚠  The provided authorization cannot be used with this repository. If this repository is in an organization, did you remember to grant access? 
[info] 
[info] i  Action required: Visit this URL to ensure access has been granted to the appropriate organization(s) for the Firebase CLI GitHub OAuth App: 
[info] https://github.com/settings/connections/applications/89cf50f02ac6aaed3484
[info] 
